<?xml version="1.0" encoding="UTF-8"?>
<testng-results ignored="0" total="1" passed="1" failed="0" skipped="0">
  <reporter-output>
  </reporter-output>
  <suite started-at="2024-11-04T02:05:02 IST" name="Amazon Page Object Model" finished-at="2024-11-04T02:05:23 IST" duration-ms="20409">
    <groups>
    </groups>
    <test started-at="2024-11-04T02:05:02 IST" name="Add Product to Cart" finished-at="2024-11-04T02:05:23 IST" duration-ms="20409">
      <class name="testCases.AmazonCart">
        <test-method is-config="true" signature="setup()[pri:0, instance:testCases.AmazonCart@1ed4ae0f]" started-at="2024-11-04T02:05:02 IST" name="setup" finished-at="2024-11-04T02:05:05 IST" duration-ms="3332" status="PASS">
          <reporter-output>
          </reporter-output>
        </test-method> <!-- setup -->
        <test-method signature="testAmazonPurchaseFlow()[pri:0, instance:testCases.AmazonCart@1ed4ae0f]" started-at="2024-11-04T02:05:05 IST" name="testAmazonPurchaseFlow" finished-at="2024-11-04T02:05:22 IST" duration-ms="16821" status="PASS">
          <reporter-output>
          </reporter-output>
        </test-method> <!-- testAmazonPurchaseFlow -->
        <test-method is-config="true" signature="teardown()[pri:0, instance:testCases.AmazonCart@1ed4ae0f]" started-at="2024-11-04T02:05:22 IST" name="teardown" finished-at="2024-11-04T02:05:23 IST" duration-ms="217" status="PASS">
          <reporter-output>
          </reporter-output>
        </test-method> <!-- teardown -->
      </class> <!-- testCases.AmazonCart -->
    </test> <!-- Add Product to Cart -->
  </suite> <!-- Amazon Page Object Model -->
</testng-results>
